<?xml version="1.0" encoding="UTF-8"?>
<testsuite xmlns:xsi="http://www.w3.org/2001/XMLSchema-instance" xsi:noNamespaceSchemaLocation="https://maven.apache.org/surefire/maven-surefire-plugin/xsd/surefire-test-report-3.0.xsd" version="3.0" name="com.redmath.session1.ApplicationTest.ApplicationTest" time="3.313" tests="1" errors="0" skipped="0" failures="0">
  <properties>
[...]
</properties>
  <testcase name="testHello" classname="com.redmath.session1.ApplicationTest.ApplicationTest" time="1.107">
    <system-out><![CDATA[16:20:30.853 [main] INFO org.springframework.test.context.support.AnnotationConfigContextLoaderUtils -- Could not detect default configuration classes for test class [com.redmath.session1.ApplicationTest.ApplicationTest]: ApplicationTest does not declare any static, non-private, non-final, nested classes annotated with @Configuration.
16:20:30.996 [main] INFO org.springframework.boot.test.context.SpringBootTestContextBootstrapper -- Found @SpringBootConfiguration com.redmath.session1.Application for test class com.redmath.session1.ApplicationTest.ApplicationTest

  .   ____          _            __ _ _
 /\\ / ___'_ __ _ _(_)_ __  __ _ \ \ \ \
( ( )\___ | '_ | '_| | '_ \/ _` | \ \ \ \
 \\/  ___)| |_)| | | | | || (_| |  ) ) ) )
  '  |____| .__|_| |_|_| |_\__, | / / / /
 =========|_|==============|___/=/_/_/_/
 :: Spring Boot ::                (v3.1.2)

2023-08-29T16:20:31.463+05:00  INFO 26936 --- [           main] c.r.s.ApplicationTest.ApplicationTest    : Starting ApplicationTest using Java 20.0.2 with PID 26936 (started by hassan.raza in C:\Users\hassan.raza\Desktop\RedMathPrac\Session1\Session1)
2023-08-29T16:20:31.465+05:00  INFO 26936 --- [           main] c.r.s.ApplicationTest.ApplicationTest    : No active profile set, falling back to 1 default profile: "default"
2023-08-29T16:20:32.617+05:00  INFO 26936 --- [           main] o.s.b.a.w.s.WelcomePageHandlerMapping    : Adding welcome page: class path resource [static/index.html]
2023-08-29T16:20:32.748+05:00  INFO 26936 --- [           main] o.s.b.t.m.w.SpringBootMockServletContext : Initializing Spring TestDispatcherServlet ''
2023-08-29T16:20:32.748+05:00  INFO 26936 --- [           main] o.s.t.web.servlet.TestDispatcherServlet  : Initializing Servlet ''
2023-08-29T16:20:32.751+05:00  INFO 26936 --- [           main] o.s.t.web.servlet.TestDispatcherServlet  : Completed initialization in 1 ms
2023-08-29T16:20:32.783+05:00  INFO 26936 --- [           main] c.r.s.ApplicationTest.ApplicationTest    : Started ApplicationTest in 1.622 seconds (process running for 2.967)

MockHttpServletRequest:
      HTTP Method = GET
      Request URI = /index.html
       Parameters = {}
          Headers = []
             Body = null
    Session Attrs = {}

Handler:
             Type = org.springframework.web.servlet.resource.ResourceHttpRequestHandler

Async:
    Async started = false
     Async result = null

Resolved Exception:
             Type = null

ModelAndView:
        View name = null
             View = null
            Model = null

FlashMap:
       Attributes = null

MockHttpServletResponse:
           Status = 200
    Error message = null
          Headers = [Vary:"Origin", "Access-Control-Request-Method", "Access-Control-Request-Headers", Last-Modified:"Tue, 22 Aug 2023 04:32:53 GMT", Content-Type:"text/html", Accept-Ranges:"bytes", Content-Length:"1542"]
     Content type = text/html
             Body = <!DOCTYPE html>
<html>

<head>
    <meta charset="UTF-8">
    <title>Session 1</title>
    <!-- Link to your external CSS file -->
    <link rel="stylesheet" type="text/css" href="style.css">
</head>

<body>
    <header>
        <h1 style="float:left;">Welcome to RedMath</h1>
        <nav style="float:left; padding-top : 35px; padding-left : 35px;">
            <ul>
                <li><a href="/">Home</a></li>
                <li><a href="about.html">About</a></li>
                <li><a href="contact.html">Contact</a></li>
            </ul>
        </nav>
    </header>

    <span style="clear: both;"></span> <!-- This will clear both floated elements -->

    <main>
        <section class="about-content">
            <h2>Welcome to RedMath Pvt Limited</h2>
            <p>REDMATH is an agile and dynamic software house based in Amsterdam, Netherlands and Lahore, Pakistan. We work
                for an international customer base, mainly in the financial industry, and we also operate as an appreciated
                subcontractor in the IT industry. We are specialized in the development and maintenance of enterprise
                business solutions, including internet and intranet applications and complex system interfaces. We also
                offer migration services, to re-engineer legacy systems of customers to contemporary technologies.</p>
        </section>
        
    </main>

    <footer>
        <p>&copy; 2023 RedMath Website</p>
    </footer>
</body>

</html>
    Forwarded URL = null
   Redirected URL = null
          Cookies = []
]]></system-out>
  </testcase>
</testsuite>